<?xml version="1.0" encoding="UTF-8"?>
<!-- Generated by org.testng.reporters.JUnitReportReporter -->
<testsuite hostname="LAPTOP-2JF90K9T" failures="0" tests="5" name="TestNGStudy.KeyWordInvocation_count" time="0.043" errors="0" timestamp="2022-04-08T21:21:49 IST" skipped="0">
  <testcase classname="TestNGStudy.KeyWordInvocation_count" name="TC1" time="0.003"/>
  <system-out>
    <![CDATA[TC1 Running]]>
  </system-out>
  <testcase classname="TestNGStudy.KeyWordInvocation_count" name="TC1" time="0.015"/>
  <system-out>
    <![CDATA[TC1 Running]]>
  </system-out>
  <testcase classname="TestNGStudy.KeyWordInvocation_count" name="TC1" time="0.019"/>
  <system-out>
    <![CDATA[TC1 Running]]>
  </system-out>
  <testcase classname="TestNGStudy.KeyWordInvocation_count" name="TC1" time="0.004"/>
  <system-out>
    <![CDATA[TC1 Running]]>
  </system-out>
  <testcase classname="TestNGStudy.KeyWordInvocation_count" name="TC1" time="0.002"/>
  <system-out>
    <![CDATA[TC1 Running]]>
  </system-out>
</testsuite> <!-- TestNGStudy.KeyWordInvocation_count -->
