<?xml version="1.0" encoding="UTF-8"?>
<!-- Generated by org.testng.reporters.JUnitReportReporter -->
<testsuite hostname="LAPTOP-2JF90K9T" failures="0" tests="3" name="TestNGStudy.KeywordPriorityt" time="0.027" errors="0" timestamp="2022-04-08T21:31:52 IST" skipped="0">
  <testcase classname="TestNGStudy.KeywordPriorityt" name="c" time="0.005"/>
  <system-out>
    <![CDATA[c is running]]>
  </system-out>
  <testcase classname="TestNGStudy.KeywordPriorityt" name="a" time="0.019"/>
  <system-out>
    <![CDATA[a is running]]>
  </system-out>
  <testcase classname="TestNGStudy.KeywordPriorityt" name="b" time="0.003"/>
  <system-out>
    <![CDATA[b is running]]>
  </system-out>
</testsuite> <!-- TestNGStudy.KeywordPriorityt -->
