<?xml version="1.0" encoding="UTF-8"?>
<!-- Generated by org.testng.reporters.JUnitReportReporter -->
<testsuite hostname="LAPTOP-2JF90K9T" failures="0" tests="3" name="TestNGStudy.KeywordEnabled" time="0.024" errors="0" timestamp="2022-04-08T21:42:54 IST" skipped="1">
  <testcase classname="TestNGStudy.KeywordEnabled" name="TC1" time="0.020"/>
  <system-out>
    <![CDATA[Running TC1]]>
  </system-out>
  <testcase classname="TestNGStudy.KeywordEnabled" name="TC3" time="0.004"/>
  <system-out>
    <![CDATA[Running TC3]]>
  </system-out>
  <testcase classname="TestNGStudy.KeywordEnabled" name="TC2">
    <skipped/>
  </testcase> <!-- TC2 -->
  <system-out/>
</testsuite> <!-- TestNGStudy.KeywordEnabled -->
