<?xml version="1.0" encoding="UTF-8"?>
<!-- Generated by org.testng.reporters.JUnitReportReporter -->
<testsuite hostname="LAPTOP-2JF90K9T" failures="0" tests="1" name="testNG.TestNGbasics" time="0.012" errors="0" timestamp="2022-03-01T18:45:11 IST" skipped="0">
  <testcase classname="testNG.TestNGbasics" name="googleTitleTest" time="0.012"/>
  <system-out/>
</testsuite> <!-- testNG.TestNGbasics -->
