<?xml version="1.0" encoding="UTF-8"?>
<!-- Generated by org.testng.reporters.JUnitReportReporter -->
<testsuite hostname="LAPTOP-2JF90K9T" failures="0" tests="3" name="TestNGStudy.Keyword_DependOnMethods" time="0.024" errors="0" timestamp="2022-04-08T22:12:07 IST" skipped="0">
  <testcase classname="TestNGStudy.Keyword_DependOnMethods" name="logout" time="0.002"/>
  <system-out>
    <![CDATA[logout success]]>
  </system-out>
  <testcase classname="TestNGStudy.Keyword_DependOnMethods" name="login" time="0.018"/>
  <system-out>
    <![CDATA[Login successful]]>
  </system-out>
  <testcase classname="TestNGStudy.Keyword_DependOnMethods" name="verify_pin" time="0.004"/>
  <system-out>
    <![CDATA[Pin verified]]>
  </system-out>
</testsuite> <!-- TestNGStudy.Keyword_DependOnMethods -->
